[debug] [2026-04-08T03:01:25.362Z] ----------------------------------------------------------------------
[debug] [2026-04-08T03:01:25.366Z] Command:       /usr/local/bin/node /usr/local/bin/firebase deploy --only storage,firestore:rules,functions
[debug] [2026-04-08T03:01:25.367Z] CLI Version:   15.13.0
[debug] [2026-04-08T03:01:25.367Z] Platform:      darwin
[debug] [2026-04-08T03:01:25.367Z] Node Version:  v20.10.0
[debug] [2026-04-08T03:01:25.367Z] Time:          Tue Apr 07 2026 20:01:25 GMT-0700 (Pacific Daylight Time)
[debug] [2026-04-08T03:01:25.367Z] ----------------------------------------------------------------------
[debug] 
[debug] [2026-04-08T03:01:27.591Z] > command requires scopes: ["email","openid","https://www.googleapis.com/auth/cloudplatformprojects.readonly","https://www.googleapis.com/auth/firebase","https://www.googleapis.com/auth/cloud-platform"]
[debug] [2026-04-08T03:01:27.592Z] > authorizing via signed-in user (b1air@uw.edu)
[debug] [2026-04-08T03:01:27.592Z] [iam] checking project fab-gallery-46a69 for permissions ["cloudfunctions.functions.create","cloudfunctions.functions.delete","cloudfunctions.functions.get","cloudfunctions.functions.list","cloudfunctions.functions.update","cloudfunctions.operations.get","datastore.indexes.create","datastore.indexes.delete","datastore.indexes.list","datastore.indexes.update","firebase.projects.get","firebaserules.releases.create","firebaserules.releases.update","firebaserules.rulesets.create"]
[debug] [2026-04-08T03:01:27.593Z] Checked if tokens are valid: true, expires at: 1775620210854
[debug] [2026-04-08T03:01:27.593Z] Checked if tokens are valid: true, expires at: 1775620210854
[debug] [2026-04-08T03:01:27.594Z] >>> [apiv2][query] POST https://cloudresourcemanager.googleapis.com/v1/projects/fab-gallery-46a69:testIamPermissions [none]
[debug] [2026-04-08T03:01:27.595Z] >>> [apiv2][(partial)header] POST https://cloudresourcemanager.googleapis.com/v1/projects/fab-gallery-46a69:testIamPermissions  x-goog-user-project=fab-gallery-46a69
[debug] [2026-04-08T03:01:27.595Z] >>> [apiv2][body] POST https://cloudresourcemanager.googleapis.com/v1/projects/fab-gallery-46a69:testIamPermissions {"permissions":["cloudfunctions.functions.create","cloudfunctions.functions.delete","cloudfunctions.functions.get","cloudfunctions.functions.list","cloudfunctions.functions.update","cloudfunctions.operations.get","datastore.indexes.create","datastore.indexes.delete","datastore.indexes.list","datastore.indexes.update","firebase.projects.get","firebaserules.releases.create","firebaserules.releases.update","firebaserules.rulesets.create"]}
[debug] [2026-04-08T03:01:27.757Z] <<< [apiv2][status] POST https://cloudresourcemanager.googleapis.com/v1/projects/fab-gallery-46a69:testIamPermissions 200
[debug] [2026-04-08T03:01:27.757Z] <<< [apiv2][body] POST https://cloudresourcemanager.googleapis.com/v1/projects/fab-gallery-46a69:testIamPermissions {"permissions":["cloudfunctions.functions.create","cloudfunctions.functions.delete","cloudfunctions.functions.get","cloudfunctions.functions.list","cloudfunctions.functions.update","cloudfunctions.operations.get","datastore.indexes.create","datastore.indexes.delete","datastore.indexes.list","datastore.indexes.update","firebase.projects.get","firebaserules.releases.create","firebaserules.releases.update","firebaserules.rulesets.create"]}
[debug] [2026-04-08T03:01:27.758Z] Checked if tokens are valid: true, expires at: 1775620210854
[debug] [2026-04-08T03:01:27.758Z] Checked if tokens are valid: true, expires at: 1775620210854
[debug] [2026-04-08T03:01:27.758Z] >>> [apiv2][query] POST https://iam.googleapis.com/v1/projects/fab-gallery-46a69/serviceAccounts/fab-gallery-46a69@appspot.gserviceaccount.com:testIamPermissions [none]
[debug] [2026-04-08T03:01:27.758Z] >>> [apiv2][body] POST https://iam.googleapis.com/v1/projects/fab-gallery-46a69/serviceAccounts/fab-gallery-46a69@appspot.gserviceaccount.com:testIamPermissions {"permissions":["iam.serviceAccounts.actAs"]}
[debug] [2026-04-08T03:01:27.908Z] <<< [apiv2][status] POST https://iam.googleapis.com/v1/projects/fab-gallery-46a69/serviceAccounts/fab-gallery-46a69@appspot.gserviceaccount.com:testIamPermissions 200
[debug] [2026-04-08T03:01:27.908Z] <<< [apiv2][body] POST https://iam.googleapis.com/v1/projects/fab-gallery-46a69/serviceAccounts/fab-gallery-46a69@appspot.gserviceaccount.com:testIamPermissions {"permissions":["iam.serviceAccounts.actAs"]}
[info] 
[info] === Deploying to 'fab-gallery-46a69'...
[info] 
[info] i  deploying storage, firestore, functions 
[info] Running command: npm --prefix "$RESOURCE_DIR" run lint
[info] ✔  functions: Finished running predeploy script. 
[info] i  storage: ensuring required API firebasestorage.googleapis.com is enabled... 
[debug] [2026-04-08T03:01:29.510Z] Checked if tokens are valid: true, expires at: 1775620210854
[debug] [2026-04-08T03:01:29.511Z] Checked if tokens are valid: true, expires at: 1775620210854
[debug] [2026-04-08T03:01:29.511Z] >>> [apiv2][query] GET https://serviceusage.googleapis.com/v1/projects/fab-gallery-46a69/services/firebasestorage.googleapis.com [none]
[debug] [2026-04-08T03:01:29.511Z] >>> [apiv2][(partial)header] GET https://serviceusage.googleapis.com/v1/projects/fab-gallery-46a69/services/firebasestorage.googleapis.com  x-goog-user-project=fab-gallery-46a69
[debug] [2026-04-08T03:01:29.891Z] <<< [apiv2][status] GET https://serviceusage.googleapis.com/v1/projects/fab-gallery-46a69/services/firebasestorage.googleapis.com 200
[debug] [2026-04-08T03:01:29.891Z] <<< [apiv2][body] GET https://serviceusage.googleapis.com/v1/projects/fab-gallery-46a69/services/firebasestorage.googleapis.com [omitted]
[info] ✔  storage: required API firebasestorage.googleapis.com is enabled 
[debug] [2026-04-08T03:01:29.913Z] Checked if tokens are valid: true, expires at: 1775620210854
[debug] [2026-04-08T03:01:29.913Z] Checked if tokens are valid: true, expires at: 1775620210854
[debug] [2026-04-08T03:01:29.913Z] >>> [apiv2][query] GET https://firebasestorage.googleapis.com/v1alpha/projects/fab-gallery-46a69/defaultBucket [none]
[debug] [2026-04-08T03:01:30.085Z] <<< [apiv2][status] GET https://firebasestorage.googleapis.com/v1alpha/projects/fab-gallery-46a69/defaultBucket 200
[debug] [2026-04-08T03:01:30.085Z] <<< [apiv2][body] GET https://firebasestorage.googleapis.com/v1alpha/projects/fab-gallery-46a69/defaultBucket {"name":"projects/fab-gallery-46a69/defaultBucket","location":"US-WEST1","bucket":{"name":"projects/fab-gallery-46a69/buckets/fab-gallery-46a69.firebasestorage.app"},"storageClass":"REGIONAL"}
[info] i  firebase.storage: checking storage.rules for compilation errors... 
[debug] [2026-04-08T03:01:30.087Z] Checked if tokens are valid: true, expires at: 1775620210854
[debug] [2026-04-08T03:01:30.087Z] Checked if tokens are valid: true, expires at: 1775620210854
[debug] [2026-04-08T03:01:30.087Z] >>> [apiv2][query] POST https://firebaserules.googleapis.com/v1/projects/fab-gallery-46a69:test [none]
[debug] [2026-04-08T03:01:30.087Z] >>> [apiv2][body] POST https://firebaserules.googleapis.com/v1/projects/fab-gallery-46a69:test [omitted]
[debug] [2026-04-08T03:01:30.455Z] <<< [apiv2][status] POST https://firebaserules.googleapis.com/v1/projects/fab-gallery-46a69:test 200
[debug] [2026-04-08T03:01:30.455Z] <<< [apiv2][body] POST https://firebaserules.googleapis.com/v1/projects/fab-gallery-46a69:test {}
[info] ✔  firebase.storage: rules file storage.rules compiled successfully 
[info] i  firestore: ensuring required API firestore.googleapis.com is enabled... 
[info] i  firestore: ensuring required API firestore.googleapis.com is enabled... 
[debug] [2026-04-08T03:01:30.457Z] Checked if tokens are valid: true, expires at: 1775620210854
[debug] [2026-04-08T03:01:30.457Z] Checked if tokens are valid: true, expires at: 1775620210854
[debug] [2026-04-08T03:01:30.457Z] >>> [apiv2][query] GET https://firestore.googleapis.com/v1/projects/fab-gallery-46a69/databases/(default) [none]
[debug] [2026-04-08T03:01:30.870Z] <<< [apiv2][status] GET https://firestore.googleapis.com/v1/projects/fab-gallery-46a69/databases/(default) 200
[debug] [2026-04-08T03:01:30.870Z] <<< [apiv2][body] GET https://firestore.googleapis.com/v1/projects/fab-gallery-46a69/databases/(default) {"name":"projects/fab-gallery-46a69/databases/(default)","uid":"dd9fd359-9ecd-49d9-9cc4-5ed6445efc34","createTime":"2025-06-20T06:01:19.226328Z","updateTime":"2025-06-20T06:01:19.226328Z","locationId":"nam5","type":"FIRESTORE_NATIVE","concurrencyMode":"PESSIMISTIC","versionRetentionPeriod":"3600s","earliestVersionTime":"2026-04-08T02:01:30.895177Z","appEngineIntegrationMode":"DISABLED","keyPrefix":"s","pointInTimeRecoveryEnablement":"POINT_IN_TIME_RECOVERY_DISABLED","deleteProtectionState":"DELETE_PROTECTION_DISABLED","databaseEdition":"STANDARD","freeTier":true,"realtimeUpdatesMode":"REALTIME_UPDATES_MODE_ENABLED","etag":"IPX4he+h3ZMDMJ2p2cXQ0JMD"}
[info] i  cloud.firestore: checking firestore.rules for compilation errors... 
[debug] [2026-04-08T03:01:30.872Z] Checked if tokens are valid: true, expires at: 1775620210854
[debug] [2026-04-08T03:01:30.872Z] Checked if tokens are valid: true, expires at: 1775620210854
[debug] [2026-04-08T03:01:30.872Z] >>> [apiv2][query] POST https://firebaserules.googleapis.com/v1/projects/fab-gallery-46a69:test [none]
[debug] [2026-04-08T03:01:30.872Z] >>> [apiv2][body] POST https://firebaserules.googleapis.com/v1/projects/fab-gallery-46a69:test [omitted]
[debug] [2026-04-08T03:01:31.149Z] <<< [apiv2][status] POST https://firebaserules.googleapis.com/v1/projects/fab-gallery-46a69:test 200
[debug] [2026-04-08T03:01:31.149Z] <<< [apiv2][body] POST https://firebaserules.googleapis.com/v1/projects/fab-gallery-46a69:test {}
[info] ✔  cloud.firestore: rules file firestore.rules compiled successfully 
[debug] [2026-04-08T03:01:31.150Z] Checked if tokens are valid: true, expires at: 1775620210854
[debug] [2026-04-08T03:01:31.150Z] Checked if tokens are valid: true, expires at: 1775620210854
[debug] [2026-04-08T03:01:31.151Z] >>> [apiv2][query] GET https://cloudresourcemanager.googleapis.com/v1/projects/fab-gallery-46a69 [none]
[debug] [2026-04-08T03:01:31.249Z] <<< [apiv2][status] GET https://cloudresourcemanager.googleapis.com/v1/projects/fab-gallery-46a69 200
[debug] [2026-04-08T03:01:31.249Z] <<< [apiv2][body] GET https://cloudresourcemanager.googleapis.com/v1/projects/fab-gallery-46a69 {"projectNumber":"140053968149","projectId":"fab-gallery-46a69","lifecycleState":"ACTIVE","name":"fab-gallery","labels":{"firebase":"enabled","firebase-core":"disabled"},"createTime":"2025-03-06T04:01:48.509673Z","parent":{"type":"organization","id":"657476903663"}}
[info] i  functions: preparing codebase default for deployment 
[info] i  functions: ensuring required API cloudfunctions.googleapis.com is enabled... 
[info] i  functions: ensuring required API cloudbuild.googleapis.com is enabled... 
[info] i  artifactregistry: ensuring required API artifactregistry.googleapis.com is enabled... 
[debug] [2026-04-08T03:01:31.251Z] Checked if tokens are valid: true, expires at: 1775620210854
[debug] [2026-04-08T03:01:31.251Z] Checked if tokens are valid: true, expires at: 1775620210854
[debug] [2026-04-08T03:01:31.251Z] >>> [apiv2][query] GET https://firebase.googleapis.com/v1beta1/projects/fab-gallery-46a69/adminSdkConfig [none]
[debug] [2026-04-08T03:01:31.663Z] <<< [apiv2][status] GET https://firebase.googleapis.com/v1beta1/projects/fab-gallery-46a69/adminSdkConfig 200
[debug] [2026-04-08T03:01:31.663Z] <<< [apiv2][body] GET https://firebase.googleapis.com/v1beta1/projects/fab-gallery-46a69/adminSdkConfig {"projectId":"fab-gallery-46a69","databaseURL":"https://fab-gallery-46a69-default-rtdb.firebaseio.com","storageBucket":"fab-gallery-46a69.firebasestorage.app"}
[debug] [2026-04-08T03:01:31.664Z] Validating nodejs source
[debug] [2026-04-08T03:01:32.619Z] > [functions] package.json contents: {
  "name": "functions",
  "description": "Cloud Functions for Firebase",
  "scripts": {
    "lint": "eslint .",
    "serve": "firebase emulators:start --only functions",
    "shell": "firebase functions:shell",
    "start": "npm run shell",
    "deploy": "firebase deploy --only functions",
    "logs": "firebase functions:log"
  },
  "engines": {
    "node": "24"
  },
  "main": "index.js",
  "dependencies": {
    "firebase-admin": "^13.6.0",
    "firebase-functions": "^7.0.0"
  },
  "devDependencies": {
    "eslint": "^8.15.0",
    "eslint-config-google": "^0.14.0",
    "firebase-functions-test": "^3.4.1"
  },
  "private": true
}
[debug] [2026-04-08T03:01:32.620Z] Building nodejs source
[info] i  functions: Loading and analyzing source code for codebase default to determine what to deploy 
[debug] [2026-04-08T03:01:32.621Z] Could not find functions.yaml. Must use http discovery
[debug] [2026-04-08T03:01:32.638Z] Found firebase-functions binary at '/Users/blairsubbaraman/research/p5.fab-website-before-chi-personal-repo-live/p5.fab-website/functions/node_modules/.bin/firebase-functions'
[info] Serving at port 8027

[debug] [2026-04-08T03:01:33.550Z] Got response from /__/functions.yaml {"endpoints":{"onPostCreated":{"availableMemoryMb":null,"timeoutSeconds":null,"minInstances":null,"maxInstances":10,"ingressSettings":null,"concurrency":null,"serviceAccountEmail":null,"vpc":null,"platform":"gcfv2","labels":{},"eventTrigger":{"eventType":"google.cloud.firestore.document.v1.created","eventFilters":{"database":"(default)","namespace":"(default)"},"eventFilterPathPatterns":{"document":"posts/{postId}"},"retry":false},"entryPoint":"onPostCreated"},"onPostUpdated":{"availableMemoryMb":null,"timeoutSeconds":null,"minInstances":null,"maxInstances":10,"ingressSettings":null,"concurrency":null,"serviceAccountEmail":null,"vpc":null,"platform":"gcfv2","labels":{},"eventTrigger":{"eventType":"google.cloud.firestore.document.v1.updated","eventFilters":{"database":"(default)","namespace":"(default)"},"eventFilterPathPatterns":{"document":"posts/{postId}"},"retry":false},"entryPoint":"onPostUpdated"},"onPostDeleted":{"availableMemoryMb":null,"timeoutSeconds":null,"minInstances":null,"maxInstances":10,"ingressSettings":null,"concurrency":null,"serviceAccountEmail":null,"vpc":null,"platform":"gcfv2","labels":{},"eventTrigger":{"eventType":"google.cloud.firestore.document.v1.deleted","eventFilters":{"database":"(default)","namespace":"(default)"},"eventFilterPathPatterns":{"document":"posts/{postId}"},"retry":false},"entryPoint":"onPostDeleted"},"claimUsername":{"availableMemoryMb":null,"timeoutSeconds":null,"minInstances":null,"maxInstances":10,"ingressSettings":null,"concurrency":null,"serviceAccountEmail":null,"vpc":null,"platform":"gcfv2","labels":{},"callableTrigger":{},"entryPoint":"claimUsername"}},"specVersion":"v1alpha1","requiredAPIs":[],"extensions":{}}
[info] i  extensions: ensuring required API firebaseextensions.googleapis.com is enabled... 
[debug] [2026-04-08T03:01:38.588Z] > command requires scopes: ["email","openid","https://www.googleapis.com/auth/cloudplatformprojects.readonly","https://www.googleapis.com/auth/firebase","https://www.googleapis.com/auth/cloud-platform"]
[debug] [2026-04-08T03:01:38.588Z] > authorizing via signed-in user (b1air@uw.edu)
[debug] [2026-04-08T03:01:38.588Z] [iam] checking project fab-gallery-46a69 for permissions ["firebase.projects.get","firebaseextensions.instances.list"]
[debug] [2026-04-08T03:01:38.588Z] Checked if tokens are valid: true, expires at: 1775620210854
[debug] [2026-04-08T03:01:38.588Z] Checked if tokens are valid: true, expires at: 1775620210854
[debug] [2026-04-08T03:01:38.589Z] >>> [apiv2][query] POST https://cloudresourcemanager.googleapis.com/v1/projects/fab-gallery-46a69:testIamPermissions [none]
[debug] [2026-04-08T03:01:38.589Z] >>> [apiv2][(partial)header] POST https://cloudresourcemanager.googleapis.com/v1/projects/fab-gallery-46a69:testIamPermissions  x-goog-user-project=fab-gallery-46a69
[debug] [2026-04-08T03:01:38.589Z] >>> [apiv2][body] POST https://cloudresourcemanager.googleapis.com/v1/projects/fab-gallery-46a69:testIamPermissions {"permissions":["firebase.projects.get","firebaseextensions.instances.list"]}
[debug] [2026-04-08T03:01:38.691Z] <<< [apiv2][status] POST https://cloudresourcemanager.googleapis.com/v1/projects/fab-gallery-46a69:testIamPermissions 200
[debug] [2026-04-08T03:01:38.691Z] <<< [apiv2][body] POST https://cloudresourcemanager.googleapis.com/v1/projects/fab-gallery-46a69:testIamPermissions {"permissions":["firebase.projects.get","firebaseextensions.instances.list"]}
[debug] [2026-04-08T03:01:38.691Z] Checked if tokens are valid: true, expires at: 1775620210854
[debug] [2026-04-08T03:01:38.691Z] Checked if tokens are valid: true, expires at: 1775620210854
[debug] [2026-04-08T03:01:38.692Z] >>> [apiv2][query] GET https://firebaseextensions.googleapis.com/v1beta/projects/fab-gallery-46a69/instances pageSize=100&pageToken=
[debug] [2026-04-08T03:01:39.038Z] <<< [apiv2][status] GET https://firebaseextensions.googleapis.com/v1beta/projects/fab-gallery-46a69/instances 200
[debug] [2026-04-08T03:01:39.038Z] <<< [apiv2][body] GET https://firebaseextensions.googleapis.com/v1beta/projects/fab-gallery-46a69/instances {}
[info] i  functions: preparing functions directory for uploading... 
[info] i  functions: packaged /Users/blairsubbaraman/research/p5.fab-website-before-chi-personal-repo-live/p5.fab-website/functions (78.46 KB) for uploading 
[debug] [2026-04-08T03:01:39.092Z] Checked if tokens are valid: true, expires at: 1775620210854
[debug] [2026-04-08T03:01:39.092Z] Checked if tokens are valid: true, expires at: 1775620210854
[debug] [2026-04-08T03:01:39.092Z] >>> [apiv2][query] GET https://cloudfunctions.googleapis.com/v1/projects/fab-gallery-46a69/locations/-/functions [none]
[debug] [2026-04-08T03:01:39.721Z] <<< [apiv2][status] GET https://cloudfunctions.googleapis.com/v1/projects/fab-gallery-46a69/locations/-/functions 200
[debug] [2026-04-08T03:01:39.721Z] <<< [apiv2][body] GET https://cloudfunctions.googleapis.com/v1/projects/fab-gallery-46a69/locations/-/functions {}
[debug] [2026-04-08T03:01:39.722Z] Checked if tokens are valid: true, expires at: 1775620210854
[debug] [2026-04-08T03:01:39.722Z] Checked if tokens are valid: true, expires at: 1775620210854
[debug] [2026-04-08T03:01:39.722Z] >>> [apiv2][query] GET https://cloudfunctions.googleapis.com/v2/projects/fab-gallery-46a69/locations/-/functions filter=environment%3D%22GEN_2%22
[debug] [2026-04-08T03:01:40.358Z] <<< [apiv2][status] GET https://cloudfunctions.googleapis.com/v2/projects/fab-gallery-46a69/locations/-/functions 200
[debug] [2026-04-08T03:01:40.358Z] <<< [apiv2][body] GET https://cloudfunctions.googleapis.com/v2/projects/fab-gallery-46a69/locations/-/functions {"functions":[{"name":"projects/fab-gallery-46a69/locations/us-central1/functions/onPostDeleted","buildConfig":{"build":"projects/140053968149/locations/us-central1/builds/b17f5c1b-0bb8-44ad-b29f-68aebbaae23b","runtime":"nodejs24","entryPoint":"onPostDeleted","source":{"storageSource":{"bucket":"gcf-v2-sources-140053968149-us-central1","object":"onPostDeleted/function-source.zip","generation":"1775616686651502"}},"environmentVariables":{"GOOGLE_NODE_RUN_SCRIPTS":""},"dockerRepository":"projects/fab-gallery-46a69/locations/us-central1/repositories/gcf-artifacts","sourceProvenance":{"resolvedStorageSource":{"bucket":"gcf-v2-sources-140053968149-us-central1","object":"onPostDeleted/function-source.zip","generation":"1775616686651502"}},"dockerRegistry":"ARTIFACT_REGISTRY","serviceAccount":"projects/fab-gallery-46a69/serviceAccounts/140053968149-compute@developer.gserviceaccount.com","automaticUpdatePolicy":{}},"serviceConfig":{"service":"projects/fab-gallery-46a69/locations/us-central1/services/onpostdeleted","timeoutSeconds":60,"environmentVariables":{"FIREBASE_CONFIG":"{\"projectId\":\"fab-gallery-46a69\",\"databaseURL\":\"https://fab-gallery-46a69-default-rtdb.firebaseio.com\",\"storageBucket\":\"fab-gallery-46a69.firebasestorage.app\"}","GCLOUD_PROJECT":"fab-gallery-46a69","EVENTARC_CLOUD_EVENT_SOURCE":"projects/fab-gallery-46a69/locations/us-central1/services/onPostDeleted","FUNCTION_SIGNATURE_TYPE":"cloudevent","FUNCTION_TARGET":"onPostDeleted","LOG_EXECUTION_ID":"true"},"maxInstanceCount":10,"ingressSettings":"ALLOW_ALL","uri":"https://onpostdeleted-jreiuk2fja-uc.a.run.app","serviceAccountEmail":"140053968149-compute@developer.gserviceaccount.com","availableMemory":"256Mi","allTrafficOnLatestRevision":true,"revision":"onpostdeleted-00002-vax","maxInstanceRequestConcurrency":80,"availableCpu":"1"},"eventTrigger":{"trigger":"projects/fab-gallery-46a69/locations/nam5/triggers/onpostdeleted-488770","triggerRegion":"nam5","eventType":"google.cloud.firestore.document.v1.deleted","eventFilters":[{"attribute":"document","value":"posts/{postId}","operator":"match-path-pattern"},{"attribute":"database","value":"(default)"},{"attribute":"namespace","value":"(default)"}],"pubsubTopic":"projects/fab-gallery-46a69/topics/eventarc-nam5-onpostdeleted-488770-201","serviceAccountEmail":"140053968149-compute@developer.gserviceaccount.com","retryPolicy":"RETRY_POLICY_DO_NOT_RETRY"},"state":"ACTIVE","updateTime":"2026-04-08T02:52:02.719939745Z","labels":{"firebase-functions-hash":"2887a81e68670cc99e4356e9ae074a481bb5133b","deployment-tool":"cli-firebase"},"environment":"GEN_2","url":"https://us-central1-fab-gallery-46a69.cloudfunctions.net/onPostDeleted","createTime":"2026-04-08T02:18:14.581925483Z","satisfiesPzi":true},{"name":"projects/fab-gallery-46a69/locations/us-central1/functions/claimUsername","buildConfig":{"build":"projects/140053968149/locations/us-central1/builds/b17f5c1b-0bb8-44ad-b29f-68aebbaae23b","runtime":"nodejs24","entryPoint":"claimUsername","source":{"storageSource":{"bucket":"gcf-v2-sources-140053968149-us-central1","object":"claimUsername/function-source.zip","generation":"1775616626856052"}},"environmentVariables":{"GOOGLE_NODE_RUN_SCRIPTS":""},"dockerRepository":"projects/fab-gallery-46a69/locations/us-central1/repositories/gcf-artifacts","sourceProvenance":{"resolvedStorageSource":{"bucket":"gcf-v2-sources-140053968149-us-central1","object":"claimUsername/function-source.zip","generation":"1775616626856052"}},"dockerRegistry":"ARTIFACT_REGISTRY","serviceAccount":"projects/fab-gallery-46a69/serviceAccounts/140053968149-compute@developer.gserviceaccount.com","automaticUpdatePolicy":{}},"serviceConfig":{"service":"projects/fab-gallery-46a69/locations/us-central1/services/claimusername","timeoutSeconds":60,"environmentVariables":{"FIREBASE_CONFIG":"{\"projectId\":\"fab-gallery-46a69\",\"databaseURL\":\"https://fab-gallery-46a69-default-rtdb.firebaseio.com\",\"storageBucket\":\"fab-gallery-46a69.firebasestorage.app\"}","GCLOUD_PROJECT":"fab-gallery-46a69","EVENTARC_CLOUD_EVENT_SOURCE":"projects/fab-gallery-46a69/locations/us-central1/services/claimUsername","FUNCTION_TARGET":"claimUsername","LOG_EXECUTION_ID":"true"},"maxInstanceCount":10,"ingressSettings":"ALLOW_ALL","uri":"https://claimusername-jreiuk2fja-uc.a.run.app","serviceAccountEmail":"140053968149-compute@developer.gserviceaccount.com","availableMemory":"256Mi","allTrafficOnLatestRevision":true,"revision":"claimusername-00001-ric","maxInstanceRequestConcurrency":80,"availableCpu":"1"},"state":"ACTIVE","updateTime":"2026-04-08T02:51:34.411651341Z","labels":{"deployment-callable":"true","firebase-functions-hash":"2887a81e68670cc99e4356e9ae074a481bb5133b","deployment-tool":"cli-firebase"},"environment":"GEN_2","url":"https://us-central1-fab-gallery-46a69.cloudfunctions.net/claimUsername","createTime":"2026-04-08T02:50:27.131341411Z","satisfiesPzi":true},{"name":"projects/fab-gallery-46a69/locations/us-central1/functions/onPostUpdated","buildConfig":{"build":"projects/140053968149/locations/us-central1/builds/b17f5c1b-0bb8-44ad-b29f-68aebbaae23b","runtime":"nodejs24","entryPoint":"onPostUpdated","source":{"storageSource":{"bucket":"gcf-v2-sources-140053968149-us-central1","object":"onPostUpdated/function-source.zip","generation":"1775616686442176"}},"environmentVariables":{"GOOGLE_NODE_RUN_SCRIPTS":""},"dockerRepository":"projects/fab-gallery-46a69/locations/us-central1/repositories/gcf-artifacts","sourceProvenance":{"resolvedStorageSource":{"bucket":"gcf-v2-sources-140053968149-us-central1","object":"onPostUpdated/function-source.zip","generation":"1775616686442176"}},"dockerRegistry":"ARTIFACT_REGISTRY","serviceAccount":"projects/fab-gallery-46a69/serviceAccounts/140053968149-compute@developer.gserviceaccount.com","automaticUpdatePolicy":{}},"serviceConfig":{"service":"projects/fab-gallery-46a69/locations/us-central1/services/onpostupdated","timeoutSeconds":60,"environmentVariables":{"FIREBASE_CONFIG":"{\"projectId\":\"fab-gallery-46a69\",\"databaseURL\":\"https://fab-gallery-46a69-default-rtdb.firebaseio.com\",\"storageBucket\":\"fab-gallery-46a69.firebasestorage.app\"}","GCLOUD_PROJECT":"fab-gallery-46a69","EVENTARC_CLOUD_EVENT_SOURCE":"projects/fab-gallery-46a69/locations/us-central1/services/onPostUpdated","FUNCTION_SIGNATURE_TYPE":"cloudevent","FUNCTION_TARGET":"onPostUpdated","LOG_EXECUTION_ID":"true"},"maxInstanceCount":10,"ingressSettings":"ALLOW_ALL","uri":"https://onpostupdated-jreiuk2fja-uc.a.run.app","serviceAccountEmail":"140053968149-compute@developer.gserviceaccount.com","availableMemory":"256Mi","allTrafficOnLatestRevision":true,"revision":"onpostupdated-00002-tax","maxInstanceRequestConcurrency":80,"availableCpu":"1"},"eventTrigger":{"trigger":"projects/fab-gallery-46a69/locations/nam5/triggers/onpostupdated-554471","triggerRegion":"nam5","eventType":"google.cloud.firestore.document.v1.updated","eventFilters":[{"attribute":"document","value":"posts/{postId}","operator":"match-path-pattern"},{"attribute":"database","value":"(default)"},{"attribute":"namespace","value":"(default)"}],"pubsubTopic":"projects/fab-gallery-46a69/topics/eventarc-nam5-onpostupdated-554471-747","serviceAccountEmail":"140053968149-compute@developer.gserviceaccount.com","retryPolicy":"RETRY_POLICY_DO_NOT_RETRY"},"state":"ACTIVE","updateTime":"2026-04-08T02:51:34.160668489Z","labels":{"deployment-tool":"cli-firebase","firebase-functions-hash":"2887a81e68670cc99e4356e9ae074a481bb5133b"},"environment":"GEN_2","url":"https://us-central1-fab-gallery-46a69.cloudfunctions.net/onPostUpdated","createTime":"2026-04-08T02:18:14.450199976Z","satisfiesPzi":true},{"name":"projects/fab-gallery-46a69/locations/us-central1/functions/onPostCreated","buildConfig":{"build":"projects/140053968149/locations/us-central1/builds/b17f5c1b-0bb8-44ad-b29f-68aebbaae23b","runtime":"nodejs24","entryPoint":"onPostCreated","source":{"storageSource":{"bucket":"gcf-v2-sources-140053968149-us-central1","object":"onPostCreated/function-source.zip","generation":"1775616686578898"}},"environmentVariables":{"GOOGLE_NODE_RUN_SCRIPTS":""},"dockerRepository":"projects/fab-gallery-46a69/locations/us-central1/repositories/gcf-artifacts","sourceProvenance":{"resolvedStorageSource":{"bucket":"gcf-v2-sources-140053968149-us-central1","object":"onPostCreated/function-source.zip","generation":"1775616686578898"}},"dockerRegistry":"ARTIFACT_REGISTRY","serviceAccount":"projects/fab-gallery-46a69/serviceAccounts/140053968149-compute@developer.gserviceaccount.com","automaticUpdatePolicy":{}},"serviceConfig":{"service":"projects/fab-gallery-46a69/locations/us-central1/services/onpostcreated","timeoutSeconds":60,"environmentVariables":{"FIREBASE_CONFIG":"{\"projectId\":\"fab-gallery-46a69\",\"databaseURL\":\"https://fab-gallery-46a69-default-rtdb.firebaseio.com\",\"storageBucket\":\"fab-gallery-46a69.firebasestorage.app\"}","GCLOUD_PROJECT":"fab-gallery-46a69","EVENTARC_CLOUD_EVENT_SOURCE":"projects/fab-gallery-46a69/locations/us-central1/services/onPostCreated","FUNCTION_SIGNATURE_TYPE":"cloudevent","FUNCTION_TARGET":"onPostCreated","LOG_EXECUTION_ID":"true"},"maxInstanceCount":10,"ingressSettings":"ALLOW_ALL","uri":"https://onpostcreated-jreiuk2fja-uc.a.run.app","serviceAccountEmail":"140053968149-compute@developer.gserviceaccount.com","availableMemory":"256Mi","allTrafficOnLatestRevision":true,"revision":"onpostcreated-00002-wuh","maxInstanceRequestConcurrency":80,"availableCpu":"1"},"eventTrigger":{"trigger":"projects/fab-gallery-46a69/locations/nam5/triggers/onpostcreated-667926","triggerRegion":"nam5","eventType":"google.cloud.firestore.document.v1.created","eventFilters":[{"attribute":"database","value":"(default)"},{"attribute":"namespace","value":"(default)"},{"attribute":"document","value":"posts/{postId}","operator":"match-path-pattern"}],"pubsubTopic":"projects/fab-gallery-46a69/topics/eventarc-nam5-onpostcreated-667926-107","serviceAccountEmail":"140053968149-compute@developer.gserviceaccount.com","retryPolicy":"RETRY_POLICY_DO_NOT_RETRY"},"state":"ACTIVE","updateTime":"2026-04-08T02:52:03.619397008Z","labels":{"deployment-tool":"cli-firebase","firebase-functions-hash":"2887a81e68670cc99e4356e9ae074a481bb5133b"},"environment":"GEN_2","url":"https://us-central1-fab-gallery-46a69.cloudfunctions.net/onPostCreated","createTime":"2026-04-08T02:16:33.625464090Z","satisfiesPzi":true}]}
[debug] [2026-04-08T03:01:40.360Z] Checked if tokens are valid: true, expires at: 1775620210854
[debug] [2026-04-08T03:01:40.360Z] Checked if tokens are valid: true, expires at: 1775620210854
[debug] [2026-04-08T03:01:40.360Z] >>> [apiv2][query] GET https://firestore.googleapis.com/v1/projects/fab-gallery-46a69/databases/(default) [none]
[debug] [2026-04-08T03:01:40.752Z] <<< [apiv2][status] GET https://firestore.googleapis.com/v1/projects/fab-gallery-46a69/databases/(default) 200
[debug] [2026-04-08T03:01:40.752Z] <<< [apiv2][body] GET https://firestore.googleapis.com/v1/projects/fab-gallery-46a69/databases/(default) {"name":"projects/fab-gallery-46a69/databases/(default)","uid":"dd9fd359-9ecd-49d9-9cc4-5ed6445efc34","createTime":"2025-06-20T06:01:19.226328Z","updateTime":"2025-06-20T06:01:19.226328Z","locationId":"nam5","type":"FIRESTORE_NATIVE","concurrencyMode":"PESSIMISTIC","versionRetentionPeriod":"3600s","earliestVersionTime":"2026-04-08T02:01:40.810933Z","appEngineIntegrationMode":"DISABLED","keyPrefix":"s","pointInTimeRecoveryEnablement":"POINT_IN_TIME_RECOVERY_DISABLED","deleteProtectionState":"DELETE_PROTECTION_DISABLED","databaseEdition":"STANDARD","freeTier":true,"realtimeUpdatesMode":"REALTIME_UPDATES_MODE_ENABLED","etag":"IMeU4/Oh3ZMDMJ2p2cXQ0JMD"}
[info] i  functions: ensuring required API run.googleapis.com is enabled... 
[info] i  functions: ensuring required API eventarc.googleapis.com is enabled... 
[info] i  functions: ensuring required API pubsub.googleapis.com is enabled... 
[info] i  functions: ensuring required API storage.googleapis.com is enabled... 
[info] i  functions: generating the service identity for pubsub.googleapis.com... 
[debug] [2026-04-08T03:01:40.755Z] Checked if tokens are valid: true, expires at: 1775620210854
[debug] [2026-04-08T03:01:40.755Z] Checked if tokens are valid: true, expires at: 1775620210854
[info] i  functions: generating the service identity for eventarc.googleapis.com... 
[debug] [2026-04-08T03:01:40.755Z] Checked if tokens are valid: true, expires at: 1775620210854
[debug] [2026-04-08T03:01:40.755Z] Checked if tokens are valid: true, expires at: 1775620210854
[debug] [2026-04-08T03:01:40.755Z] >>> [apiv2][query] POST https://serviceusage.googleapis.com/v1beta1/projects/140053968149/services/pubsub.googleapis.com:generateServiceIdentity [none]
[debug] [2026-04-08T03:01:40.755Z] >>> [apiv2][(partial)header] POST https://serviceusage.googleapis.com/v1beta1/projects/140053968149/services/pubsub.googleapis.com:generateServiceIdentity  x-goog-user-project=140053968149
[debug] [2026-04-08T03:01:40.755Z] >>> [apiv2][body] POST https://serviceusage.googleapis.com/v1beta1/projects/140053968149/services/pubsub.googleapis.com:generateServiceIdentity {}
[debug] [2026-04-08T03:01:40.757Z] >>> [apiv2][query] POST https://serviceusage.googleapis.com/v1beta1/projects/140053968149/services/eventarc.googleapis.com:generateServiceIdentity [none]
[debug] [2026-04-08T03:01:40.757Z] >>> [apiv2][(partial)header] POST https://serviceusage.googleapis.com/v1beta1/projects/140053968149/services/eventarc.googleapis.com:generateServiceIdentity  x-goog-user-project=140053968149
[debug] [2026-04-08T03:01:40.757Z] >>> [apiv2][body] POST https://serviceusage.googleapis.com/v1beta1/projects/140053968149/services/eventarc.googleapis.com:generateServiceIdentity {}
[debug] [2026-04-08T03:01:41.108Z] <<< [apiv2][status] POST https://serviceusage.googleapis.com/v1beta1/projects/140053968149/services/eventarc.googleapis.com:generateServiceIdentity 200
[debug] [2026-04-08T03:01:41.108Z] <<< [apiv2][body] POST https://serviceusage.googleapis.com/v1beta1/projects/140053968149/services/eventarc.googleapis.com:generateServiceIdentity {"name":"operations/finished.DONE_OPERATION","done":true,"response":{"@type":"type.googleapis.com/google.api.serviceusage.v1beta1.ServiceIdentity","email":"service-140053968149@gcp-sa-eventarc.iam.gserviceaccount.com","uniqueId":"104358351137277400373"}}
[debug] [2026-04-08T03:01:41.108Z] <<< [apiv2][status] POST https://serviceusage.googleapis.com/v1beta1/projects/140053968149/services/pubsub.googleapis.com:generateServiceIdentity 200
[debug] [2026-04-08T03:01:41.108Z] <<< [apiv2][body] POST https://serviceusage.googleapis.com/v1beta1/projects/140053968149/services/pubsub.googleapis.com:generateServiceIdentity {"name":"operations/finished.DONE_OPERATION","done":true,"response":{"@type":"type.googleapis.com/google.api.serviceusage.v1beta1.ServiceIdentity","email":"service-140053968149@gcp-sa-pubsub.iam.gserviceaccount.com","uniqueId":"114157757616376624023"}}
[debug] [2026-04-08T03:01:41.110Z] Checked if tokens are valid: true, expires at: 1775620210854
[debug] [2026-04-08T03:01:41.110Z] Checked if tokens are valid: true, expires at: 1775620210854
[debug] [2026-04-08T03:01:41.111Z] >>> [apiv2][query] GET https://cloudresourcemanager.googleapis.com/v1/projects/fab-gallery-46a69 [none]
[debug] [2026-04-08T03:01:41.200Z] <<< [apiv2][status] GET https://cloudresourcemanager.googleapis.com/v1/projects/fab-gallery-46a69 200
[debug] [2026-04-08T03:01:41.201Z] <<< [apiv2][body] GET https://cloudresourcemanager.googleapis.com/v1/projects/fab-gallery-46a69 {"projectNumber":"140053968149","projectId":"fab-gallery-46a69","lifecycleState":"ACTIVE","name":"fab-gallery","labels":{"firebase":"enabled","firebase-core":"disabled"},"createTime":"2025-03-06T04:01:48.509673Z","parent":{"type":"organization","id":"657476903663"}}
[debug] [2026-04-08T03:01:41.201Z] Checked if tokens are valid: true, expires at: 1775620210854
[debug] [2026-04-08T03:01:41.201Z] Checked if tokens are valid: true, expires at: 1775620210854
[debug] [2026-04-08T03:01:41.201Z] >>> [apiv2][query] GET https://compute.googleapis.com/compute/v1/projects/140053968149 [none]
[debug] [2026-04-08T03:01:41.374Z] <<< [apiv2][status] GET https://compute.googleapis.com/compute/v1/projects/140053968149 403
[debug] [2026-04-08T03:01:41.374Z] <<< [apiv2][body] GET https://compute.googleapis.com/compute/v1/projects/140053968149 {"error":{"code":403,"message":"Compute Engine API has not been used in project 140053968149 before or it is disabled. Enable it by visiting https://console.developers.google.com/apis/api/compute.googleapis.com/overview?project=140053968149 then retry. If you enabled this API recently, wait a few minutes for the action to propagate to our systems and retry.","errors":[{"message":"Compute Engine API has not been used in project 140053968149 before or it is disabled. Enable it by visiting https://console.developers.google.com/apis/api/compute.googleapis.com/overview?project=140053968149 then retry. If you enabled this API recently, wait a few minutes for the action to propagate to our systems and retry.","domain":"usageLimits","reason":"accessNotConfigured","extendedHelp":"https://console.developers.google.com"}],"status":"PERMISSION_DENIED","details":[{"@type":"type.googleapis.com/google.rpc.ErrorInfo","reason":"SERVICE_DISABLED","domain":"googleapis.com","metadata":{"activationUrl":"https://console.developers.google.com/apis/api/compute.googleapis.com/overview?project=140053968149","service":"compute.googleapis.com","serviceTitle":"Compute Engine API","consumer":"projects/140053968149","containerInfo":"140053968149"}},{"@type":"type.googleapis.com/google.rpc.LocalizedMessage","locale":"en-US","message":"Compute Engine API has not been used in project 140053968149 before or it is disabled. Enable it by visiting https://console.developers.google.com/apis/api/compute.googleapis.com/overview?project=140053968149 then retry. If you enabled this API recently, wait a few minutes for the action to propagate to our systems and retry."},{"@type":"type.googleapis.com/google.rpc.Help","links":[{"description":"Google developers console API activation","url":"https://console.developers.google.com/apis/api/compute.googleapis.com/overview?project=140053968149"}]}]}}
[debug] [2026-04-08T03:01:41.375Z] unable to look up default compute service account. Falling back to 140053968149-compute@developer.gserviceaccount.com. Error: {"name":"FirebaseError","children":[],"context":{"body":{"error":{"code":403,"message":"Compute Engine API has not been used in project 140053968149 before or it is disabled. Enable it by visiting https://console.developers.google.com/apis/api/compute.googleapis.com/overview?project=140053968149 then retry. If you enabled this API recently, wait a few minutes for the action to propagate to our systems and retry.","errors":[{"message":"Compute Engine API has not been used in project 140053968149 before or it is disabled. Enable it by visiting https://console.developers.google.com/apis/api/compute.googleapis.com/overview?project=140053968149 then retry. If you enabled this API recently, wait a few minutes for the action to propagate to our systems and retry.","domain":"usageLimits","reason":"accessNotConfigured","extendedHelp":"https://console.developers.google.com"}],"status":"PERMISSION_DENIED","details":[{"@type":"type.googleapis.com/google.rpc.ErrorInfo","reason":"SERVICE_DISABLED","domain":"googleapis.com","metadata":{"activationUrl":"https://console.developers.google.com/apis/api/compute.googleapis.com/overview?project=140053968149","service":"compute.googleapis.com","serviceTitle":"Compute Engine API","consumer":"projects/140053968149","containerInfo":"140053968149"}},{"@type":"type.googleapis.com/google.rpc.LocalizedMessage","locale":"en-US","message":"Compute Engine API has not been used in project 140053968149 before or it is disabled. Enable it by visiting https://console.developers.google.com/apis/api/compute.googleapis.com/overview?project=140053968149 then retry. If you enabled this API recently, wait a few minutes for the action to propagate to our systems and retry."},{"@type":"type.googleapis.com/google.rpc.Help","links":[{"description":"Google developers console API activation","url":"https://console.developers.google.com/apis/api/compute.googleapis.com/overview?project=140053968149"}]}]}},"response":{"statusCode":403}},"exit":1,"message":"Request to https://compute.googleapis.com/compute/v1/projects/140053968149 had HTTP Error: 403, Compute Engine API has not been used in project 140053968149 before or it is disabled. Enable it by visiting https://console.developers.google.com/apis/api/compute.googleapis.com/overview?project=140053968149 then retry. If you enabled this API recently, wait a few minutes for the action to propagate to our systems and retry.","status":403}
[debug] [2026-04-08T03:01:41.375Z] Checked if tokens are valid: true, expires at: 1775620210854
[debug] [2026-04-08T03:01:41.375Z] Checked if tokens are valid: true, expires at: 1775620210854
[debug] [2026-04-08T03:01:41.375Z] >>> [apiv2][query] GET https://compute.googleapis.com/compute/v1/projects/140053968149 [none]
[debug] [2026-04-08T03:01:41.488Z] <<< [apiv2][status] GET https://compute.googleapis.com/compute/v1/projects/140053968149 403
[debug] [2026-04-08T03:01:41.488Z] <<< [apiv2][body] GET https://compute.googleapis.com/compute/v1/projects/140053968149 {"error":{"code":403,"message":"Compute Engine API has not been used in project 140053968149 before or it is disabled. Enable it by visiting https://console.developers.google.com/apis/api/compute.googleapis.com/overview?project=140053968149 then retry. If you enabled this API recently, wait a few minutes for the action to propagate to our systems and retry.","errors":[{"message":"Compute Engine API has not been used in project 140053968149 before or it is disabled. Enable it by visiting https://console.developers.google.com/apis/api/compute.googleapis.com/overview?project=140053968149 then retry. If you enabled this API recently, wait a few minutes for the action to propagate to our systems and retry.","domain":"usageLimits","reason":"accessNotConfigured","extendedHelp":"https://console.developers.google.com"}],"status":"PERMISSION_DENIED","details":[{"@type":"type.googleapis.com/google.rpc.ErrorInfo","reason":"SERVICE_DISABLED","domain":"googleapis.com","metadata":{"consumer":"projects/140053968149","containerInfo":"140053968149","serviceTitle":"Compute Engine API","activationUrl":"https://console.developers.google.com/apis/api/compute.googleapis.com/overview?project=140053968149","service":"compute.googleapis.com"}},{"@type":"type.googleapis.com/google.rpc.LocalizedMessage","locale":"en-US","message":"Compute Engine API has not been used in project 140053968149 before or it is disabled. Enable it by visiting https://console.developers.google.com/apis/api/compute.googleapis.com/overview?project=140053968149 then retry. If you enabled this API recently, wait a few minutes for the action to propagate to our systems and retry."},{"@type":"type.googleapis.com/google.rpc.Help","links":[{"description":"Google developers console API activation","url":"https://console.developers.google.com/apis/api/compute.googleapis.com/overview?project=140053968149"}]}]}}
[debug] [2026-04-08T03:01:41.488Z] unable to look up default compute service account. Falling back to 140053968149-compute@developer.gserviceaccount.com. Error: {"name":"FirebaseError","children":[],"context":{"body":{"error":{"code":403,"message":"Compute Engine API has not been used in project 140053968149 before or it is disabled. Enable it by visiting https://console.developers.google.com/apis/api/compute.googleapis.com/overview?project=140053968149 then retry. If you enabled this API recently, wait a few minutes for the action to propagate to our systems and retry.","errors":[{"message":"Compute Engine API has not been used in project 140053968149 before or it is disabled. Enable it by visiting https://console.developers.google.com/apis/api/compute.googleapis.com/overview?project=140053968149 then retry. If you enabled this API recently, wait a few minutes for the action to propagate to our systems and retry.","domain":"usageLimits","reason":"accessNotConfigured","extendedHelp":"https://console.developers.google.com"}],"status":"PERMISSION_DENIED","details":[{"@type":"type.googleapis.com/google.rpc.ErrorInfo","reason":"SERVICE_DISABLED","domain":"googleapis.com","metadata":{"consumer":"projects/140053968149","containerInfo":"140053968149","serviceTitle":"Compute Engine API","activationUrl":"https://console.developers.google.com/apis/api/compute.googleapis.com/overview?project=140053968149","service":"compute.googleapis.com"}},{"@type":"type.googleapis.com/google.rpc.LocalizedMessage","locale":"en-US","message":"Compute Engine API has not been used in project 140053968149 before or it is disabled. Enable it by visiting https://console.developers.google.com/apis/api/compute.googleapis.com/overview?project=140053968149 then retry. If you enabled this API recently, wait a few minutes for the action to propagate to our systems and retry."},{"@type":"type.googleapis.com/google.rpc.Help","links":[{"description":"Google developers console API activation","url":"https://console.developers.google.com/apis/api/compute.googleapis.com/overview?project=140053968149"}]}]}},"response":{"statusCode":403}},"exit":1,"message":"Request to https://compute.googleapis.com/compute/v1/projects/140053968149 had HTTP Error: 403, Compute Engine API has not been used in project 140053968149 before or it is disabled. Enable it by visiting https://console.developers.google.com/apis/api/compute.googleapis.com/overview?project=140053968149 then retry. If you enabled this API recently, wait a few minutes for the action to propagate to our systems and retry.","status":403}
[debug] [2026-04-08T03:01:41.488Z] Checked if tokens are valid: true, expires at: 1775620210854
[debug] [2026-04-08T03:01:41.488Z] Checked if tokens are valid: true, expires at: 1775620210854
[debug] [2026-04-08T03:01:41.488Z] >>> [apiv2][query] GET https://compute.googleapis.com/compute/v1/projects/140053968149 [none]
[debug] [2026-04-08T03:01:41.585Z] <<< [apiv2][status] GET https://compute.googleapis.com/compute/v1/projects/140053968149 403
[debug] [2026-04-08T03:01:41.585Z] <<< [apiv2][body] GET https://compute.googleapis.com/compute/v1/projects/140053968149 {"error":{"code":403,"message":"Compute Engine API has not been used in project 140053968149 before or it is disabled. Enable it by visiting https://console.developers.google.com/apis/api/compute.googleapis.com/overview?project=140053968149 then retry. If you enabled this API recently, wait a few minutes for the action to propagate to our systems and retry.","errors":[{"message":"Compute Engine API has not been used in project 140053968149 before or it is disabled. Enable it by visiting https://console.developers.google.com/apis/api/compute.googleapis.com/overview?project=140053968149 then retry. If you enabled this API recently, wait a few minutes for the action to propagate to our systems and retry.","domain":"usageLimits","reason":"accessNotConfigured","extendedHelp":"https://console.developers.google.com"}],"status":"PERMISSION_DENIED","details":[{"@type":"type.googleapis.com/google.rpc.ErrorInfo","reason":"SERVICE_DISABLED","domain":"googleapis.com","metadata":{"consumer":"projects/140053968149","service":"compute.googleapis.com","containerInfo":"140053968149","activationUrl":"https://console.developers.google.com/apis/api/compute.googleapis.com/overview?project=140053968149","serviceTitle":"Compute Engine API"}},{"@type":"type.googleapis.com/google.rpc.LocalizedMessage","locale":"en-US","message":"Compute Engine API has not been used in project 140053968149 before or it is disabled. Enable it by visiting https://console.developers.google.com/apis/api/compute.googleapis.com/overview?project=140053968149 then retry. If you enabled this API recently, wait a few minutes for the action to propagate to our systems and retry."},{"@type":"type.googleapis.com/google.rpc.Help","links":[{"description":"Google developers console API activation","url":"https://console.developers.google.com/apis/api/compute.googleapis.com/overview?project=140053968149"}]}]}}
[debug] [2026-04-08T03:01:41.585Z] unable to look up default compute service account. Falling back to 140053968149-compute@developer.gserviceaccount.com. Error: {"name":"FirebaseError","children":[],"context":{"body":{"error":{"code":403,"message":"Compute Engine API has not been used in project 140053968149 before or it is disabled. Enable it by visiting https://console.developers.google.com/apis/api/compute.googleapis.com/overview?project=140053968149 then retry. If you enabled this API recently, wait a few minutes for the action to propagate to our systems and retry.","errors":[{"message":"Compute Engine API has not been used in project 140053968149 before or it is disabled. Enable it by visiting https://console.developers.google.com/apis/api/compute.googleapis.com/overview?project=140053968149 then retry. If you enabled this API recently, wait a few minutes for the action to propagate to our systems and retry.","domain":"usageLimits","reason":"accessNotConfigured","extendedHelp":"https://console.developers.google.com"}],"status":"PERMISSION_DENIED","details":[{"@type":"type.googleapis.com/google.rpc.ErrorInfo","reason":"SERVICE_DISABLED","domain":"googleapis.com","metadata":{"consumer":"projects/140053968149","service":"compute.googleapis.com","containerInfo":"140053968149","activationUrl":"https://console.developers.google.com/apis/api/compute.googleapis.com/overview?project=140053968149","serviceTitle":"Compute Engine API"}},{"@type":"type.googleapis.com/google.rpc.LocalizedMessage","locale":"en-US","message":"Compute Engine API has not been used in project 140053968149 before or it is disabled. Enable it by visiting https://console.developers.google.com/apis/api/compute.googleapis.com/overview?project=140053968149 then retry. If you enabled this API recently, wait a few minutes for the action to propagate to our systems and retry."},{"@type":"type.googleapis.com/google.rpc.Help","links":[{"description":"Google developers console API activation","url":"https://console.developers.google.com/apis/api/compute.googleapis.com/overview?project=140053968149"}]}]}},"response":{"statusCode":403}},"exit":1,"message":"Request to https://compute.googleapis.com/compute/v1/projects/140053968149 had HTTP Error: 403, Compute Engine API has not been used in project 140053968149 before or it is disabled. Enable it by visiting https://console.developers.google.com/apis/api/compute.googleapis.com/overview?project=140053968149 then retry. If you enabled this API recently, wait a few minutes for the action to propagate to our systems and retry.","status":403}
[debug] [2026-04-08T03:01:41.585Z] Checked if tokens are valid: true, expires at: 1775620210854
[debug] [2026-04-08T03:01:41.585Z] Checked if tokens are valid: true, expires at: 1775620210854
[debug] [2026-04-08T03:01:41.585Z] >>> [apiv2][query] GET https://compute.googleapis.com/compute/v1/projects/140053968149 [none]
[debug] [2026-04-08T03:01:41.678Z] <<< [apiv2][status] GET https://compute.googleapis.com/compute/v1/projects/140053968149 403
[debug] [2026-04-08T03:01:41.678Z] <<< [apiv2][body] GET https://compute.googleapis.com/compute/v1/projects/140053968149 {"error":{"code":403,"message":"Compute Engine API has not been used in project 140053968149 before or it is disabled. Enable it by visiting https://console.developers.google.com/apis/api/compute.googleapis.com/overview?project=140053968149 then retry. If you enabled this API recently, wait a few minutes for the action to propagate to our systems and retry.","errors":[{"message":"Compute Engine API has not been used in project 140053968149 before or it is disabled. Enable it by visiting https://console.developers.google.com/apis/api/compute.googleapis.com/overview?project=140053968149 then retry. If you enabled this API recently, wait a few minutes for the action to propagate to our systems and retry.","domain":"usageLimits","reason":"accessNotConfigured","extendedHelp":"https://console.developers.google.com"}],"status":"PERMISSION_DENIED","details":[{"@type":"type.googleapis.com/google.rpc.ErrorInfo","reason":"SERVICE_DISABLED","domain":"googleapis.com","metadata":{"serviceTitle":"Compute Engine API","consumer":"projects/140053968149","service":"compute.googleapis.com","containerInfo":"140053968149","activationUrl":"https://console.developers.google.com/apis/api/compute.googleapis.com/overview?project=140053968149"}},{"@type":"type.googleapis.com/google.rpc.LocalizedMessage","locale":"en-US","message":"Compute Engine API has not been used in project 140053968149 before or it is disabled. Enable it by visiting https://console.developers.google.com/apis/api/compute.googleapis.com/overview?project=140053968149 then retry. If you enabled this API recently, wait a few minutes for the action to propagate to our systems and retry."},{"@type":"type.googleapis.com/google.rpc.Help","links":[{"description":"Google developers console API activation","url":"https://console.developers.google.com/apis/api/compute.googleapis.com/overview?project=140053968149"}]}]}}
[debug] [2026-04-08T03:01:41.679Z] unable to look up default compute service account. Falling back to 140053968149-compute@developer.gserviceaccount.com. Error: {"name":"FirebaseError","children":[],"context":{"body":{"error":{"code":403,"message":"Compute Engine API has not been used in project 140053968149 before or it is disabled. Enable it by visiting https://console.developers.google.com/apis/api/compute.googleapis.com/overview?project=140053968149 then retry. If you enabled this API recently, wait a few minutes for the action to propagate to our systems and retry.","errors":[{"message":"Compute Engine API has not been used in project 140053968149 before or it is disabled. Enable it by visiting https://console.developers.google.com/apis/api/compute.googleapis.com/overview?project=140053968149 then retry. If you enabled this API recently, wait a few minutes for the action to propagate to our systems and retry.","domain":"usageLimits","reason":"accessNotConfigured","extendedHelp":"https://console.developers.google.com"}],"status":"PERMISSION_DENIED","details":[{"@type":"type.googleapis.com/google.rpc.ErrorInfo","reason":"SERVICE_DISABLED","domain":"googleapis.com","metadata":{"serviceTitle":"Compute Engine API","consumer":"projects/140053968149","service":"compute.googleapis.com","containerInfo":"140053968149","activationUrl":"https://console.developers.google.com/apis/api/compute.googleapis.com/overview?project=140053968149"}},{"@type":"type.googleapis.com/google.rpc.LocalizedMessage","locale":"en-US","message":"Compute Engine API has not been used in project 140053968149 before or it is disabled. Enable it by visiting https://console.developers.google.com/apis/api/compute.googleapis.com/overview?project=140053968149 then retry. If you enabled this API recently, wait a few minutes for the action to propagate to our systems and retry."},{"@type":"type.googleapis.com/google.rpc.Help","links":[{"description":"Google developers console API activation","url":"https://console.developers.google.com/apis/api/compute.googleapis.com/overview?project=140053968149"}]}]}},"response":{"statusCode":403}},"exit":1,"message":"Request to https://compute.googleapis.com/compute/v1/projects/140053968149 had HTTP Error: 403, Compute Engine API has not been used in project 140053968149 before or it is disabled. Enable it by visiting https://console.developers.google.com/apis/api/compute.googleapis.com/overview?project=140053968149 then retry. If you enabled this API recently, wait a few minutes for the action to propagate to our systems and retry.","status":403}
[debug] [2026-04-08T03:01:41.680Z] Checked if tokens are valid: true, expires at: 1775620210854
[debug] [2026-04-08T03:01:41.681Z] Checked if tokens are valid: true, expires at: 1775620210854
[debug] [2026-04-08T03:01:41.681Z] >>> [apiv2][query] GET https://firebaserules.googleapis.com/v1/projects/fab-gallery-46a69/releases pageSize=10&pageToken=
[debug] [2026-04-08T03:01:41.969Z] <<< [apiv2][status] GET https://firebaserules.googleapis.com/v1/projects/fab-gallery-46a69/releases 200
[debug] [2026-04-08T03:01:41.969Z] <<< [apiv2][body] GET https://firebaserules.googleapis.com/v1/projects/fab-gallery-46a69/releases {"releases":[{"name":"projects/fab-gallery-46a69/releases/cloud.firestore","rulesetName":"projects/fab-gallery-46a69/rulesets/e7afe9b9-6a85-4b5e-9692-cfb648b5283d","createTime":"2025-06-20T06:01:21.621139Z","updateTime":"2026-04-08T02:50:26.276358Z"},{"name":"projects/fab-gallery-46a69/releases/firebase.storage/fab-gallery-46a69.firebasestorage.app","rulesetName":"projects/fab-gallery-46a69/rulesets/f38bafc1-c720-4b83-899f-2e1b4a8b6260","createTime":"2025-06-24T21:15:33.716636Z","updateTime":"2025-09-02T04:31:05.204131Z"}]}
[debug] [2026-04-08T03:01:41.979Z] Checked if tokens are valid: true, expires at: 1775620210854
[debug] [2026-04-08T03:01:41.979Z] Checked if tokens are valid: true, expires at: 1775620210854
[debug] [2026-04-08T03:01:41.979Z] >>> [apiv2][query] GET https://firebaserules.googleapis.com/v1/projects/fab-gallery-46a69/rulesets/f38bafc1-c720-4b83-899f-2e1b4a8b6260 [none]
[debug] [2026-04-08T03:01:42.220Z] <<< [apiv2][status] GET https://firebaserules.googleapis.com/v1/projects/fab-gallery-46a69/rulesets/f38bafc1-c720-4b83-899f-2e1b4a8b6260 200
[debug] [2026-04-08T03:01:42.220Z] <<< [apiv2][body] GET https://firebaserules.googleapis.com/v1/projects/fab-gallery-46a69/rulesets/f38bafc1-c720-4b83-899f-2e1b4a8b6260 [omitted]
[debug] [2026-04-08T03:01:42.221Z] Checked if tokens are valid: true, expires at: 1775620210854
[debug] [2026-04-08T03:01:42.221Z] Checked if tokens are valid: true, expires at: 1775620210854
[debug] [2026-04-08T03:01:42.222Z] >>> [apiv2][query] POST https://cloudresourcemanager.googleapis.com/v1/projects/140053968149:getIamPolicy [none]
[debug] [2026-04-08T03:01:42.415Z] <<< [apiv2][status] POST https://cloudresourcemanager.googleapis.com/v1/projects/140053968149:getIamPolicy 200
[debug] [2026-04-08T03:01:42.415Z] <<< [apiv2][body] POST https://cloudresourcemanager.googleapis.com/v1/projects/140053968149:getIamPolicy {"version":1,"etag":"BwZO6YNqQOo=","bindings":[{"role":"roles/artifactregistry.serviceAgent","members":["serviceAccount:service-140053968149@gcp-sa-artifactregistry.iam.gserviceaccount.com"]},{"role":"roles/cloudbuild.builds.builder","members":["serviceAccount:140053968149@cloudbuild.gserviceaccount.com"]},{"role":"roles/cloudbuild.serviceAgent","members":["serviceAccount:service-140053968149@gcp-sa-cloudbuild.iam.gserviceaccount.com"]},{"role":"roles/cloudfunctions.serviceAgent","members":["serviceAccount:service-140053968149@gcf-admin-robot.iam.gserviceaccount.com"]},{"role":"roles/containerregistry.ServiceAgent","members":["serviceAccount:service-140053968149@containerregistry.iam.gserviceaccount.com"]},{"role":"roles/editor","members":["serviceAccount:140053968149-compute@developer.gserviceaccount.com","serviceAccount:140053968149@cloudservices.gserviceaccount.com","serviceAccount:fab-gallery-46a69@appspot.gserviceaccount.com"]},{"role":"roles/eventarc.eventReceiver","members":["serviceAccount:140053968149-compute@developer.gserviceaccount.com"]},{"role":"roles/eventarc.serviceAgent","members":["serviceAccount:service-140053968149@gcp-sa-eventarc.iam.gserviceaccount.com"]},{"role":"roles/firebase.managementServiceAgent","members":["serviceAccount:service-140053968149@gcp-sa-firebase.iam.gserviceaccount.com"]},{"role":"roles/firebase.sdkAdminServiceAgent","members":["serviceAccount:firebase-adminsdk-fbsvc@fab-gallery-46a69.iam.gserviceaccount.com"]},{"role":"roles/firebaseappcheck.admin","members":["serviceAccount:firebase-adminsdk-fbsvc@fab-gallery-46a69.iam.gserviceaccount.com"]},{"role":"roles/firebaseauth.admin","members":["serviceAccount:firebase-adminsdk-fbsvc@fab-gallery-46a69.iam.gserviceaccount.com"]},{"role":"roles/firebasedatabase.admin","members":["serviceAccount:firebase-adminsdk-fbsvc@fab-gallery-46a69.iam.gserviceaccount.com"]},{"role":"roles/firebasemods.serviceAgent","members":["serviceAccount:service-140053968149@gcp-sa-firebasemods.iam.gserviceaccount.com"]},{"role":"roles/firebaserules.system","members":["serviceAccount:service-140053968149@firebase-rules.iam.gserviceaccount.com"]},{"role":"roles/firebasestorage.serviceAgent","members":["serviceAccount:service-140053968149@gcp-sa-firebasestorage.iam.gserviceaccount.com"]},{"role":"roles/firestore.serviceAgent","members":["serviceAccount:service-140053968149@gcp-sa-firestore.iam.gserviceaccount.com"]},{"role":"roles/iam.serviceAccountTokenCreator","members":["serviceAccount:firebase-adminsdk-fbsvc@fab-gallery-46a69.iam.gserviceaccount.com","serviceAccount:service-140053968149@gcp-sa-pubsub.iam.gserviceaccount.com"]},{"role":"roles/owner","members":["user:b1air@uw.edu"]},{"role":"roles/pubsub.serviceAgent","members":["serviceAccount:service-140053968149@gcp-sa-pubsub.iam.gserviceaccount.com"]},{"role":"roles/run.invoker","members":["serviceAccount:140053968149-compute@developer.gserviceaccount.com"]},{"role":"roles/run.serviceAgent","members":["serviceAccount:service-140053968149@serverless-robot-prod.iam.gserviceaccount.com"]},{"role":"roles/storage.admin","members":["serviceAccount:firebase-adminsdk-fbsvc@fab-gallery-46a69.iam.gserviceaccount.com"]}]}
